{
  "stats": {
    "suites": 2,
    "tests": 4,
    "passes": 4,
    "pending": 0,
    "failures": 0,
    "start": "2023-04-14T17:29:46.611Z",
    "end": "2023-04-14T17:29:47.673Z",
    "duration": 1062,
    "testsRegistered": 4,
    "passPercent": 100,
    "pendingPercent": 0,
    "other": 0,
    "hasOther": false,
    "skipped": 0,
    "hasSkipped": false
  },
  "results": [
    {
      "uuid": "cae38c7f-9b6e-4dc7-80a4-b17100999b48",
      "title": "",
      "fullFile": "",
      "file": "",
      "beforeHooks": [],
      "afterHooks": [],
      "tests": [],
      "suites": [
        {
          "uuid": "a361a0bf-ba0d-4fb3-9c6a-38babf354a50",
          "title": "Fake Data returns first last and job title",
          "fullFile": "/Users/wrussell/software_automation/automation_framework_ts/api/test/payload_data_test.ts",
          "file": "/test/payload_data_test.ts",
          "beforeHooks": [],
          "afterHooks": [],
          "tests": [
            {
              "title": "should verify user data is not null",
              "fullTitle": "Fake Data returns first last and job title should verify user data is not null",
              "timedOut": false,
              "duration": 2,
              "state": "passed",
              "speed": "fast",
              "pass": true,
              "fail": false,
              "pending": false,
              "context": null,
              "code": "",
              "err": {},
              "uuid": "c8c36815-ed5f-47a7-86b8-293025d5baa7",
              "parentUUID": "a361a0bf-ba0d-4fb3-9c6a-38babf354a50",
              "isHook": false,
              "skipped": false
            }
          ],
          "suites": [],
          "passes": [
            "c8c36815-ed5f-47a7-86b8-293025d5baa7"
          ],
          "failures": [],
          "pending": [],
          "skipped": [],
          "duration": 2,
          "root": false,
          "rootEmpty": false,
          "_timeout": 20000
        },
        {
          "uuid": "3ef44dbf-b735-40ce-a12f-5db61bafd422",
          "title": "getRequest",
          "fullFile": "/Users/wrussell/software_automation/automation_framework_ts/api/test/payload_data_test.ts",
          "file": "/test/payload_data_test.ts",
          "beforeHooks": [],
          "afterHooks": [],
          "tests": [
            {
              "title": "should make an HTTP GET request to the specified endpoint",
              "fullTitle": "getRequest should make an HTTP GET request to the specified endpoint",
              "timedOut": false,
              "duration": 537,
              "state": "passed",
              "speed": "slow",
              "pass": true,
              "fail": false,
              "pending": false,
              "context": null,
              "code": "",
              "err": {},
              "uuid": "4ab0c4a1-9a40-416b-a670-1a3c9a102343",
              "parentUUID": "3ef44dbf-b735-40ce-a12f-5db61bafd422",
              "isHook": false,
              "skipped": false
            },
            {
              "title": "should verify GET user/{id} call",
              "fullTitle": "getRequest should verify GET user/{id} call",
              "timedOut": false,
              "duration": 114,
              "state": "passed",
              "speed": "slow",
              "pass": true,
              "fail": false,
              "pending": false,
              "context": "\"Response: {\\n    \\\"data\\\": {\\n        \\\"id\\\": 2,\\n        \\\"email\\\": \\\"janet.weaver@reqres.in\\\",\\n        \\\"first_name\\\": \\\"Janet\\\",\\n        \\\"last_name\\\": \\\"Weaver\\\",\\n        \\\"avatar\\\": \\\"https://reqres.in/img/faces/2-image.jpg\\\"\\n    },\\n    \\\"support\\\": {\\n        \\\"url\\\": \\\"https://reqres.in/#support-heading\\\",\\n        \\\"text\\\": \\\"To keep ReqRes free, contributions towards server costs are appreciated!\\\"\\n    }\\n}\"",
              "code": "",
              "err": {},
              "uuid": "2b6dcead-f8f7-4e3a-9455-e1951c5dc413",
              "parentUUID": "3ef44dbf-b735-40ce-a12f-5db61bafd422",
              "isHook": false,
              "skipped": false
            },
            {
              "title": "should verify DELETE user/{id} call",
              "fullTitle": "getRequest should verify DELETE user/{id} call",
              "timedOut": false,
              "duration": 405,
              "state": "passed",
              "speed": "slow",
              "pass": true,
              "fail": false,
              "pending": false,
              "context": "\"Response: {}\"",
              "code": "",
              "err": {},
              "uuid": "f8694c71-03ff-45fd-ad69-a30979002538",
              "parentUUID": "3ef44dbf-b735-40ce-a12f-5db61bafd422",
              "isHook": false,
              "skipped": false
            }
          ],
          "suites": [],
          "passes": [
            "4ab0c4a1-9a40-416b-a670-1a3c9a102343",
            "2b6dcead-f8f7-4e3a-9455-e1951c5dc413",
            "f8694c71-03ff-45fd-ad69-a30979002538"
          ],
          "failures": [],
          "pending": [],
          "skipped": [],
          "duration": 1056,
          "root": false,
          "rootEmpty": false,
          "_timeout": 20000
        }
      ],
      "passes": [],
      "failures": [],
      "pending": [],
      "skipped": [],
      "duration": 0,
      "root": true,
      "rootEmpty": true,
      "_timeout": 20000
    }
  ],
  "meta": {
    "mocha": {
      "version": "10.2.0"
    },
    "mochawesome": {
      "options": {
        "quiet": false,
        "reportFilename": "mochawesome",
        "saveHtml": true,
        "saveJson": true,
        "consoleReporter": "spec",
        "useInlineDiffs": false,
        "code": false
      },
      "version": "7.1.3"
    },
    "marge": {
      "options": {
        "o": "./reports/",
        "t": "APITestReport",
        "charts": "true",
        "code": "false"
      },
      "version": "6.2.0"
    }
  }
}